app/build/intermediates/manifest_merge_blame_file/debug/manifest-merger-blame-debug-report.txt
1<?xml version="1.0" encoding="utf-8"?>
2<manifest xmlns:android="http://schemas.android.com/apk/res/android"
3    package="com.example.bluetoothclient"
4    android:versionCode="1"
5    android:versionName="1.0" >
6
7    <uses-sdk
8        android:minSdkVersion="26"
8-->src\main\AndroidManifest.xml
9        android:targetSdkVersion="33" />
9-->src\main\AndroidManifest.xml
10
11    <!-- Permissions -->
12    <!-- Request legacy Bluetooth permissions on older devices. -->
13    <uses-permission
13-->src\main\AndroidManifest.xml:8:5-9:38
14        android:name="android.permission.BLUETOOTH"
14-->src\main\AndroidManifest.xml:8:22-65
15        android:maxSdkVersion="30" />
15-->src\main\AndroidManifest.xml:9:9-35
16    <uses-permission
16-->src\main\AndroidManifest.xml:10:5-11:38
17        android:name="android.permission.BLUETOOTH_ADMIN"
17-->src\main\AndroidManifest.xml:10:22-71
18        android:maxSdkVersion="30" />
18-->src\main\AndroidManifest.xml:11:9-35
19
20    <!-- Needed only if your app makes the device discoverable to Bluetooth devices. -->
21    <uses-permission android:name="android.permission.BLUETOOTH_ADVERTISE" />
21-->src\main\AndroidManifest.xml:14:5-78
21-->src\main\AndroidManifest.xml:14:22-75
22    <!-- Needed only if your app communicates with already-paired Bluetooth devices. -->
23    <uses-permission android:name="android.permission.BLUETOOTH_CONNECT" />
23-->src\main\AndroidManifest.xml:16:5-76
23-->src\main\AndroidManifest.xml:16:22-73
24    <uses-permission android:name="android.permission.ACCESS_COARSE_LOCATION" />
24-->src\main\AndroidManifest.xml:18:5-81
24-->src\main\AndroidManifest.xml:18:22-78
25    <uses-permission android:name="android.permission.ACCESS_FINE_LOCATION" />
25-->src\main\AndroidManifest.xml:19:5-79
25-->src\main\AndroidManifest.xml:19:22-76
26    <uses-permission android:name="android.permission.CAMERA" />
26-->src\main\AndroidManifest.xml:20:5-65
26-->src\main\AndroidManifest.xml:20:22-62
27    <uses-permission android:name="android.permission.RECORD_AUDIO" />
27-->src\main\AndroidManifest.xml:21:5-71
27-->src\main\AndroidManifest.xml:21:22-68
28    <uses-permission android:name="android.permission.READ_EXTERNAL_STORAGE" />
28-->src\main\AndroidManifest.xml:22:5-80
28-->src\main\AndroidManifest.xml:22:22-77
29    <uses-permission android:name="android.permission.ACCESS_MEDIA_LOCATION" />
29-->src\main\AndroidManifest.xml:23:5-80
29-->src\main\AndroidManifest.xml:23:22-77
30    <uses-permission android:name="android.permission.ACCESS_BACKGROUND_LOCATION" />
30-->src\main\AndroidManifest.xml:25:5-85
30-->src\main\AndroidManifest.xml:25:22-82
31
32    <uses-feature
32-->src\main\AndroidManifest.xml:26:5-86
33        android:name="android.hardware.bluetooth"
33-->src\main\AndroidManifest.xml:26:19-60
34        android:required="true" />
34-->src\main\AndroidManifest.xml:26:61-84
35    <uses-feature
35-->src\main\AndroidManifest.xml:27:5-89
36        android:name="android.hardware.bluetooth_le"
36-->src\main\AndroidManifest.xml:27:19-63
37        android:required="true" />
37-->src\main\AndroidManifest.xml:27:64-87
38
39    <permission
39-->[androidx.core:core:1.9.0] AndroidManifest.xml:22:5-24:47
40        android:name="com.example.bluetoothclient.DYNAMIC_RECEIVER_NOT_EXPORTED_PERMISSION"
40-->[androidx.core:core:1.9.0] AndroidManifest.xml:23:9-81
41        android:protectionLevel="signature" />
41-->[androidx.core:core:1.9.0] AndroidManifest.xml:24:9-44
42
43    <uses-permission android:name="com.example.bluetoothclient.DYNAMIC_RECEIVER_NOT_EXPORTED_PERMISSION" />
43-->[androidx.core:core:1.9.0] AndroidManifest.xml:26:5-97
43-->[androidx.core:core:1.9.0] AndroidManifest.xml:26:22-94
44
45    <application
45-->src\main\AndroidManifest.xml:29:5-88:19
46        android:allowBackup="true"
46-->src\main\AndroidManifest.xml:30:9-35
47        android:appComponentFactory="androidx.core.app.CoreComponentFactory"
47-->[androidx.core:core:1.9.0] AndroidManifest.xml:28:18-86
48        android:dataExtractionRules="@xml/data_extraction_rules"
48-->src\main\AndroidManifest.xml:31:9-65
49        android:debuggable="true"
50        android:extractNativeLibs="false"
51        android:fullBackupContent="@xml/backup_rules"
51-->src\main\AndroidManifest.xml:32:9-54
52        android:icon="@mipmap/ic_bluetooth"
52-->src\main\AndroidManifest.xml:33:9-44
53        android:label="@string/app_name"
53-->src\main\AndroidManifest.xml:34:9-41
54        android:requestLegacyExternalStorage="true"
54-->src\main\AndroidManifest.xml:39:9-52
55        android:roundIcon="@mipmap/ic_bluetooth_round"
55-->src\main\AndroidManifest.xml:35:9-55
56        android:supportsRtl="true"
56-->src\main\AndroidManifest.xml:36:9-35
57        android:testOnly="true"
58        android:theme="@style/Theme.BluetoothClient" >
58-->src\main\AndroidManifest.xml:37:9-53
59        <activity
59-->src\main\AndroidManifest.xml:41:9-53:20
60            android:name="com.example.bluetoothclient.ConnectActivity"
60-->src\main\AndroidManifest.xml:42:13-44
61            android:exported="true"
61-->src\main\AndroidManifest.xml:43:13-36
62            android:windowSoftInputMode="adjustPan" >
62-->src\main\AndroidManifest.xml:44:13-52
63            <intent-filter>
63-->src\main\AndroidManifest.xml:45:13-48:29
64                <action android:name="android.intent.action.MAIN" />
64-->src\main\AndroidManifest.xml:46:17-69
64-->src\main\AndroidManifest.xml:46:25-66
65
66                <category android:name="android.intent.category.LAUNCHER" />
66-->src\main\AndroidManifest.xml:47:17-77
66-->src\main\AndroidManifest.xml:47:27-74
67            </intent-filter>
68            <intent-filter>
68-->src\main\AndroidManifest.xml:49:13-52:29
69                <category android:name="android.intent.category.DEFAULT" />
69-->src\main\AndroidManifest.xml:50:17-76
69-->src\main\AndroidManifest.xml:50:27-73
70                <category android:name="android.intent.category.BROWSABLE" />
70-->src\main\AndroidManifest.xml:51:17-78
70-->src\main\AndroidManifest.xml:51:27-75
71            </intent-filter>
72        </activity>
73        <activity
73-->src\main\AndroidManifest.xml:55:9-67:20
74            android:name="com.example.bluetoothclient.ConfigActivity"
74-->src\main\AndroidManifest.xml:56:13-43
75            android:exported="true"
75-->src\main\AndroidManifest.xml:58:13-36
76            android:parentActivityName="com.example.bluetoothclient.ConnectActivity"
76-->src\main\AndroidManifest.xml:57:13-58
77            android:windowSoftInputMode="adjustPan" >
77-->src\main\AndroidManifest.xml:59:13-52
78            <meta-data
78-->src\main\AndroidManifest.xml:60:13-62:51
79                android:name="android.support.PARENT_ACTIVITY"
79-->src\main\AndroidManifest.xml:61:17-63
80                android:value=".ConfigActivity" />
80-->src\main\AndroidManifest.xml:62:17-48
81
82            <intent-filter>
82-->src\main\AndroidManifest.xml:49:13-52:29
83                <category android:name="android.intent.category.DEFAULT" />
83-->src\main\AndroidManifest.xml:50:17-76
83-->src\main\AndroidManifest.xml:50:27-73
84                <category android:name="android.intent.category.BROWSABLE" />
84-->src\main\AndroidManifest.xml:51:17-78
84-->src\main\AndroidManifest.xml:51:27-75
85            </intent-filter>
86        </activity>
87        <activity android:name="com.example.bluetoothclient.GeolocationActivity" >
87-->src\main\AndroidManifest.xml:68:9-70:20
87-->src\main\AndroidManifest.xml:69:13-48
88        </activity>
89        <activity android:name="com.example.bluetoothclient.EnvironmentActivity" >
89-->src\main\AndroidManifest.xml:71:9-73:20
89-->src\main\AndroidManifest.xml:72:13-48
90        </activity>
91        <activity android:name="com.example.bluetoothclient.RecorderActivity" >
91-->src\main\AndroidManifest.xml:74:9-76:20
91-->src\main\AndroidManifest.xml:75:13-45
92        </activity>
93
94        <!-- FileProvider configuration -->
95        <provider
95-->src\main\AndroidManifest.xml:79:9-87:20
96            android:name="androidx.core.content.FileProvider"
96-->src\main\AndroidManifest.xml:80:13-62
97            android:authorities="com.example.bluetoothclient.provider"
97-->src\main\AndroidManifest.xml:81:13-71
98            android:exported="false"
98-->src\main\AndroidManifest.xml:83:13-37
99            android:grantUriPermissions="true" >
99-->src\main\AndroidManifest.xml:82:13-47
100            <meta-data
100-->src\main\AndroidManifest.xml:84:13-86:57
101                android:name="android.support.FILE_PROVIDER_PATHS"
101-->src\main\AndroidManifest.xml:85:17-67
102                android:resource="@xml/provider_path" />
102-->src\main\AndroidManifest.xml:86:17-54
103        </provider>
104
105        <activity
105-->[com.google.android.gms:play-services-base:18.1.0] AndroidManifest.xml:20:9-22:45
106            android:name="com.google.android.gms.common.api.GoogleApiActivity"
106-->[com.google.android.gms:play-services-base:18.1.0] AndroidManifest.xml:20:19-85
107            android:exported="false"
107-->[com.google.android.gms:play-services-base:18.1.0] AndroidManifest.xml:22:19-43
108            android:theme="@android:style/Theme.Translucent.NoTitleBar" />
108-->[com.google.android.gms:play-services-base:18.1.0] AndroidManifest.xml:21:19-78
109
110        <meta-data
110-->[com.google.android.gms:play-services-basement:18.1.0] AndroidManifest.xml:21:9-23:69
111            android:name="com.google.android.gms.version"
111-->[com.google.android.gms:play-services-basement:18.1.0] AndroidManifest.xml:22:13-58
112            android:value="@integer/google_play_services_version" />
112-->[com.google.android.gms:play-services-basement:18.1.0] AndroidManifest.xml:23:13-66
113
114        <provider
114-->[androidx.emoji2:emoji2:1.2.0] AndroidManifest.xml:24:9-32:20
115            android:name="androidx.startup.InitializationProvider"
115-->[androidx.emoji2:emoji2:1.2.0] AndroidManifest.xml:25:13-67
116            android:authorities="com.example.bluetoothclient.androidx-startup"
116-->[androidx.emoji2:emoji2:1.2.0] AndroidManifest.xml:26:13-68
117            android:exported="false" >
117-->[androidx.emoji2:emoji2:1.2.0] AndroidManifest.xml:27:13-37
118            <meta-data
118-->[androidx.emoji2:emoji2:1.2.0] AndroidManifest.xml:29:13-31:52
119                android:name="androidx.emoji2.text.EmojiCompatInitializer"
119-->[androidx.emoji2:emoji2:1.2.0] AndroidManifest.xml:30:17-75
120                android:value="androidx.startup" />
120-->[androidx.emoji2:emoji2:1.2.0] AndroidManifest.xml:31:17-49
121            <meta-data
121-->[androidx.lifecycle:lifecycle-process:2.6.0] AndroidManifest.xml:29:13-31:52
122                android:name="androidx.lifecycle.ProcessLifecycleInitializer"
122-->[androidx.lifecycle:lifecycle-process:2.6.0] AndroidManifest.xml:30:17-78
123                android:value="androidx.startup" />
123-->[androidx.lifecycle:lifecycle-process:2.6.0] AndroidManifest.xml:31:17-49
124            <meta-data
124-->[androidx.profileinstaller:profileinstaller:1.2.1] AndroidManifest.xml:30:13-32:52
125                android:name="androidx.profileinstaller.ProfileInstallerInitializer"
125-->[androidx.profileinstaller:profileinstaller:1.2.1] AndroidManifest.xml:31:17-85
126                android:value="androidx.startup" />
126-->[androidx.profileinstaller:profileinstaller:1.2.1] AndroidManifest.xml:32:17-49
127        </provider>
128
129        <uses-library
129-->[androidx.window:window:1.0.0] AndroidManifest.xml:25:9-27:40
130            android:name="androidx.window.extensions"
130-->[androidx.window:window:1.0.0] AndroidManifest.xml:26:13-54
131            android:required="false" />
131-->[androidx.window:window:1.0.0] AndroidManifest.xml:27:13-37
132        <uses-library
132-->[androidx.window:window:1.0.0] AndroidManifest.xml:28:9-30:40
133            android:name="androidx.window.sidecar"
133-->[androidx.window:window:1.0.0] AndroidManifest.xml:29:13-51
134            android:required="false" />
134-->[androidx.window:window:1.0.0] AndroidManifest.xml:30:13-37
135
136        <receiver
136-->[androidx.profileinstaller:profileinstaller:1.2.1] AndroidManifest.xml:35:9-47:20
137            android:name="androidx.profileinstaller.ProfileInstallReceiver"
137-->[androidx.profileinstaller:profileinstaller:1.2.1] AndroidManifest.xml:36:13-76
138            android:directBootAware="false"
138-->[androidx.profileinstaller:profileinstaller:1.2.1] AndroidManifest.xml:37:13-44
139            android:enabled="true"
139-->[androidx.profileinstaller:profileinstaller:1.2.1] AndroidManifest.xml:38:13-35
140            android:exported="true"
140-->[androidx.profileinstaller:profileinstaller:1.2.1] AndroidManifest.xml:39:13-36
141            android:permission="android.permission.DUMP" >
141-->[androidx.profileinstaller:profileinstaller:1.2.1] AndroidManifest.xml:40:13-57
142            <intent-filter>
142-->[androidx.profileinstaller:profileinstaller:1.2.1] AndroidManifest.xml:41:13-43:29
143                <action android:name="androidx.profileinstaller.action.INSTALL_PROFILE" />
143-->[androidx.profileinstaller:profileinstaller:1.2.1] AndroidManifest.xml:42:17-91
143-->[androidx.profileinstaller:profileinstaller:1.2.1] AndroidManifest.xml:42:25-88
144            </intent-filter>
145            <intent-filter>
145-->[androidx.profileinstaller:profileinstaller:1.2.1] AndroidManifest.xml:44:13-46:29
146                <action android:name="androidx.profileinstaller.action.SKIP_FILE" />
146-->[androidx.profileinstaller:profileinstaller:1.2.1] AndroidManifest.xml:45:17-85
146-->[androidx.profileinstaller:profileinstaller:1.2.1] AndroidManifest.xml:45:25-82
147            </intent-filter>
148        </receiver>
149    </application>
150
151</manifest>